<?xml version="1.0" encoding="UTF-8"?>
<!-- Generated by org.testng.reporters.JUnitReportReporter -->
<testsuite skipped="0" hostname="IBM829-PC0GJ030" name="testcases.TC_003" tests="1" failures="0" timestamp="11 Oct 2018 08:02:25 GMT" time="7.947" errors="0">
  <testcase name="testcase3" time="7.947" classname="testcases.TC_003"/>
</testsuite> <!-- testcases.TC_003 -->
