<?xml version="1.0" encoding="UTF-8"?>
<!-- Generated by org.testng.reporters.JUnitReportReporter -->
<testsuite skipped="0" hostname="IBM829-PC0GJ030" name="testcases.TC_001" tests="1" failures="0" timestamp="11 Oct 2018 08:02:25 GMT" time="8.649" errors="0">
  <testcase name="testcase1" time="8.649" classname="testcases.TC_001"/>
</testsuite> <!-- testcases.TC_001 -->
